  宿舍管理查询软件.c
D:\Download\Dormitory-management-query-software\宿舍管理查询软件.c(52,9): warning C4996: 'scanf': This function or variable may be unsafe. Consider using scanf_s instead. To disable deprecation, use _CRT_SECURE_NO_WARNINGS. See online help for details.
D:\Download\Dormitory-management-query-software\宿舍管理查询软件.c(54,9): warning C4996: 'scanf': This function or variable may be unsafe. Consider using scanf_s instead. To disable deprecation, use _CRT_SECURE_NO_WARNINGS. See online help for details.
D:\Download\Dormitory-management-query-software\宿舍管理查询软件.c(56,9): warning C4996: 'scanf': This function or variable may be unsafe. Consider using scanf_s instead. To disable deprecation, use _CRT_SECURE_NO_WARNINGS. See online help for details.
D:\Download\Dormitory-management-query-software\宿舍管理查询软件.c(67,9): warning C4996: 'scanf': This function or variable may be unsafe. Consider using scanf_s instead. To disable deprecation, use _CRT_SECURE_NO_WARNINGS. See online help for details.
D:\Download\Dormitory-management-query-software\宿舍管理查询软件.c(132,5): warning C4996: 'scanf': This function or variable may be unsafe. Consider using scanf_s instead. To disable deprecation, use _CRT_SECURE_NO_WARNINGS. See online help for details.
D:\Download\Dormitory-management-query-software\宿舍管理查询软件.c(137,9): warning C4996: 'scanf': This function or variable may be unsafe. Consider using scanf_s instead. To disable deprecation, use _CRT_SECURE_NO_WARNINGS. See online help for details.
D:\Download\Dormitory-management-query-software\宿舍管理查询软件.c(145,38): warning C4244: “初始化”: 从“__int64”转换到“int”，可能丢失数据
D:\Download\Dormitory-management-query-software\宿舍管理查询软件.c(164,9): warning C4996: 'scanf': This function or variable may be unsafe. Consider using scanf_s instead. To disable deprecation, use _CRT_SECURE_NO_WARNINGS. See online help for details.
D:\Download\Dormitory-management-query-software\宿舍管理查询软件.c(178,9): warning C4996: 'scanf': This function or variable may be unsafe. Consider using scanf_s instead. To disable deprecation, use _CRT_SECURE_NO_WARNINGS. See online help for details.
D:\Download\Dormitory-management-query-software\宿舍管理查询软件.c(186,44): warning C4244: “初始化”: 从“__int64”转换到“int”，可能丢失数据
D:\Download\Dormitory-management-query-software\宿舍管理查询软件.c(216,5): warning C4996: 'scanf': This function or variable may be unsafe. Consider using scanf_s instead. To disable deprecation, use _CRT_SECURE_NO_WARNINGS. See online help for details.
D:\Download\Dormitory-management-query-software\宿舍管理查询软件.c(221,39): warning C4244: “初始化”: 从“__int64”转换到“int”，可能丢失数据
D:\Download\Dormitory-management-query-software\宿舍管理查询软件.c(235,10): warning C4996: 'fopen': This function or variable may be unsafe. Consider using fopen_s instead. To disable deprecation, use _CRT_SECURE_NO_WARNINGS. See online help for details.
D:\Download\Dormitory-management-query-software\宿舍管理查询软件.c(246,10): warning C4996: 'fopen': This function or variable may be unsafe. Consider using fopen_s instead. To disable deprecation, use _CRT_SECURE_NO_WARNINGS. See online help for details.
D:\Download\Dormitory-management-query-software\宿舍管理查询软件.c(260,23): warning C4996: 'strtok': This function or variable may be unsafe. Consider using strtok_s instead. To disable deprecation, use _CRT_SECURE_NO_WARNINGS. See online help for details.
D:\Download\Dormitory-management-query-software\宿舍管理查询软件.c(263,17): warning C4996: 'strcpy': This function or variable may be unsafe. Consider using strcpy_s instead. To disable deprecation, use _CRT_SECURE_NO_WARNINGS. See online help for details.
D:\Download\Dormitory-management-query-software\宿舍管理查询软件.c(266,17): warning C4996: 'strcpy': This function or variable may be unsafe. Consider using strcpy_s instead. To disable deprecation, use _CRT_SECURE_NO_WARNINGS. See online help for details.
D:\Download\Dormitory-management-query-software\宿舍管理查询软件.c(272,21): warning C4996: 'strtok': This function or variable may be unsafe. Consider using strtok_s instead. To disable deprecation, use _CRT_SECURE_NO_WARNINGS. See online help for details.
D:\Download\Dormitory-management-query-software\宿舍管理查询软件.c(290,5): warning C4996: 'scanf': This function or variable may be unsafe. Consider using scanf_s instead. To disable deprecation, use _CRT_SECURE_NO_WARNINGS. See online help for details.
D:\Download\Dormitory-management-query-software\宿舍管理查询软件.c(321,9): warning C4996: 'scanf': This function or variable may be unsafe. Consider using scanf_s instead. To disable deprecation, use _CRT_SECURE_NO_WARNINGS. See online help for details.
  Dormitory-management-query-software.vcxproj -> D:\Download\Dormitory-management-query-software\x64\Debug\Dormitory-management-query-software.exe
